2025-07-19 13:16:40 | OS: Ubuntu
2025-07-19 13:16:40 | Package update mode: DEBIAN
2025-07-19 13:16:40 | Package update sub-mode: UBUNTU
2025-07-19 13:16:40 | Performing system update.
2025-07-19 13:16:40 | 
2025-07-19 13:16:40 | WARNING: apt does not have a stable CLI interface. Use with caution in scripts.
2025-07-19 13:16:40 | 
2025-07-19 13:16:40 | Hit:1 http://security.ubuntu.com/ubuntu jammy-security InRelease
2025-07-19 13:16:40 | Hit:2 http://us.archive.ubuntu.com/ubuntu jammy InRelease
2025-07-19 13:16:40 | Hit:3 http://us.archive.ubuntu.com/ubuntu jammy-updates InRelease
2025-07-19 13:16:40 | Hit:4 http://us.archive.ubuntu.com/ubuntu jammy-backports InRelease
2025-07-19 13:16:40 | Hit:5 http://repo.percona.com/pmm2-client/apt jammy InRelease
2025-07-19 13:16:40 | Hit:6 http://repo.percona.com/prel/apt jammy InRelease
2025-07-19 13:16:40 | Hit:7 http://repo.percona.com/telemetry/apt jammy InRelease
2025-07-19 13:16:40 | Hit:8 https://repo.mongodb.org/apt/ubuntu jammy/mongodb-org/8.0 InRelease
2025-07-19 13:16:42 | Reading package lists...
2025-07-19 13:16:42 | Building dependency tree...
2025-07-19 13:16:42 | Reading state information...
2025-07-19 13:16:42 | All packages are up to date.
2025-07-19 13:16:42 | Exit Code was: '0'
2025-07-19 13:16:42 | 
2025-07-19 13:16:42 | WARNING: apt does not have a stable CLI interface. Use with caution in scripts.
2025-07-19 13:16:42 | 
2025-07-19 13:16:42 | Reading package lists...
2025-07-19 13:16:43 | Building dependency tree...
2025-07-19 13:16:43 | Reading state information...
2025-07-19 13:16:43 | Calculating upgrade...
2025-07-19 13:16:43 | The following packages were automatically installed and are no longer required:
2025-07-19 13:16:43 | apg gnome-control-center-faces gnome-online-accounts libcolord-gtk1
2025-07-19 13:16:43 | libfreerdp-server2-2 libgnome-bg-4-1 libgsound0 libgssdp-1.2-0
2025-07-19 13:16:43 | libgupnp-1.2-1 libgupnp-av-1.0-3 libgupnp-dlna-2.0-4 libntfs-3g89
2025-07-19 13:16:43 | librygel-core-2.6-2 librygel-db-2.6-2 librygel-renderer-2.6-2
2025-07-19 13:16:43 | librygel-server-2.6-2 libvncserver1 mobile-broadband-provider-info
2025-07-19 13:16:43 | network-manager-gnome python3-certifi python3-macaroonbakery
2025-07-19 13:16:43 | python3-protobuf python3-pymacaroons python3-requests python3-rfc3339
2025-07-19 13:16:43 | python3-tz rygel
2025-07-19 13:16:43 | Use 'sudo apt autoremove' to remove them.
2025-07-19 13:16:43 | Get more security updates through Ubuntu Pro with 'esm-apps' enabled:
2025-07-19 13:16:43 | libimage-magick-perl libzvbi-common liburiparser1 libheif1 perlmagick
2025-07-19 13:16:43 | libpostproc55 libavcodec58 libgstreamer-plugins-bad1.0-0
2025-07-19 13:16:43 | libimage-magick-q16-perl traceroute libavutil56 libswscale5
2025-07-19 13:16:43 | libmagickcore-6.q16-6 libswresample3 imagemagick-6-common libavformat58
2025-07-19 13:16:43 | libzvbi0 libde265-0 libavfilter7
2025-07-19 13:16:43 | Learn more about Ubuntu Pro at https://ubuntu.com/pro
2025-07-19 13:16:43 | 0 upgraded, 0 newly installed, 0 to remove and 0 not upgraded.
2025-07-19 13:16:43 | Exit Code was: '0'
2025-07-19 13:16:43 | System update completed.
2025-07-19 13:16:43 | Installing pre-requisite packages.
2025-07-19 13:16:43 | Using package names for UBUNTU.
2025-07-19 13:16:43 | 
2025-07-19 13:16:43 | WARNING: apt does not have a stable CLI interface. Use with caution in scripts.
2025-07-19 13:16:43 | 
2025-07-19 13:16:43 | Reading package lists...
2025-07-19 13:16:44 | Building dependency tree...
2025-07-19 13:16:44 | Reading state information...
2025-07-19 13:16:44 | build-essential is already the newest version (12.9ubuntu3).
2025-07-19 13:16:44 | libdb-dev is already the newest version (1:5.3.21~exp1ubuntu4).
2025-07-19 13:16:44 | libffi-dev is already the newest version (3.4.2-4).
2025-07-19 13:16:44 | libgdbm-dev is already the newest version (1.23-1).
2025-07-19 13:16:44 | libreadline-dev is already the newest version (8.1.2-1).
2025-07-19 13:16:44 | libapr1-dev is already the newest version (1.7.0-8ubuntu0.22.04.2).
2025-07-19 13:16:44 | libaprutil1-dev is already the newest version (1.6.1-5ubuntu4.22.04.2).
2025-07-19 13:16:44 | libexpat1-dev is already the newest version (2.4.7-1ubuntu0.6).
2025-07-19 13:16:44 | libncurses5-dev is already the newest version (6.3-2ubuntu0.1).
2025-07-19 13:16:44 | libnss3-dev is already the newest version (2:3.98-0ubuntu0.22.04.2).
2025-07-19 13:16:44 | libpcre3-dev is already the newest version (2:8.39-13ubuntu0.22.04.1).
2025-07-19 13:16:44 | libperl-dev is already the newest version (5.34.0-3ubuntu1.4).
2025-07-19 13:16:44 | libssl-dev is already the newest version (3.0.2-0ubuntu1.19).
2025-07-19 13:16:44 | libxml2-dev is already the newest version (2.9.13+dfsg-1ubuntu0.7).
2025-07-19 13:16:44 | perl is already the newest version (5.34.0-3ubuntu1.4).
2025-07-19 13:16:44 | python3 is already the newest version (3.10.6-1~22.04.1).
2025-07-19 13:16:44 | python3-dev is already the newest version (3.10.6-1~22.04.1).
2025-07-19 13:16:44 | wget is already the newest version (1.21.2-2ubuntu1.1).
2025-07-19 13:16:44 | zlib1g-dev is already the newest version (1:1.2.11.dfsg-2ubuntu9.2).
2025-07-19 13:16:44 | The following packages were automatically installed and are no longer required:
2025-07-19 13:16:44 | apg gnome-control-center-faces gnome-online-accounts libcolord-gtk1
2025-07-19 13:16:44 | libfreerdp-server2-2 libgnome-bg-4-1 libgsound0 libgssdp-1.2-0
2025-07-19 13:16:44 | libgupnp-1.2-1 libgupnp-av-1.0-3 libgupnp-dlna-2.0-4 libntfs-3g89
2025-07-19 13:16:44 | librygel-core-2.6-2 librygel-db-2.6-2 librygel-renderer-2.6-2
2025-07-19 13:16:44 | librygel-server-2.6-2 libvncserver1 mobile-broadband-provider-info
2025-07-19 13:16:44 | network-manager-gnome python3-certifi python3-macaroonbakery
2025-07-19 13:16:44 | python3-protobuf python3-pymacaroons python3-requests python3-rfc3339
2025-07-19 13:16:44 | python3-tz rygel
2025-07-19 13:16:44 | Use 'sudo apt autoremove' to remove them.
2025-07-19 13:16:44 | 0 upgraded, 0 newly installed, 0 to remove and 0 not upgraded.
2025-07-19 13:16:44 | Exit Code was: '0'
2025-07-19 13:16:44 | Installed pre-requisite packages.
2025-07-19 13:16:44 | Installing pre-requisites for Ubuntu completed.
